2020-07-03 18:30:17 - PHP Notice:  Undefined index: product_seo_url in /home/h911251022/graphenstone.shop/storage/modification/admin/controller/catalog/product.php on line 1213
2020-07-03 18:30:17 - PHP Notice:  Undefined index: points in /home/h911251022/graphenstone.shop/storage/modification/admin/model/catalog/product.php on line 154
2020-07-03 18:30:17 - PHP Notice:  Undefined index: product_option_value_id in /home/h911251022/graphenstone.shop/storage/modification/admin/model/catalog/product.php on line 219
2020-07-03 18:30:17 - PHP Notice:  Undefined index: quantity in /home/h911251022/graphenstone.shop/storage/modification/admin/model/catalog/product.php on line 219
2020-07-03 18:30:17 - PHP Notice:  Undefined index: subtract in /home/h911251022/graphenstone.shop/storage/modification/admin/model/catalog/product.php on line 219
2020-07-03 18:30:17 - PHP Notice:  Undefined index: price in /home/h911251022/graphenstone.shop/storage/modification/admin/model/catalog/product.php on line 219
2020-07-03 18:30:17 - PHP Notice:  Undefined index: price_prefix in /home/h911251022/graphenstone.shop/storage/modification/admin/model/catalog/product.php on line 219
2020-07-03 18:30:17 - PHP Notice:  Undefined index: points in /home/h911251022/graphenstone.shop/storage/modification/admin/model/catalog/product.php on line 219
2020-07-03 18:30:17 - PHP Notice:  Undefined index: points_prefix in /home/h911251022/graphenstone.shop/storage/modification/admin/model/catalog/product.php on line 219
2020-07-03 18:30:17 - PHP Notice:  Undefined index: weight in /home/h911251022/graphenstone.shop/storage/modification/admin/model/catalog/product.php on line 219
2020-07-03 18:30:17 - PHP Notice:  Undefined index: weight_prefix in /home/h911251022/graphenstone.shop/storage/modification/admin/model/catalog/product.php on line 219
2020-07-03 18:30:17 - PHP Warning:  Cannot modify header information - headers already sent by (output started at /home/h911251022/graphenstone.shop/docs/admin/controller/startup/error.php:34) in /home/h911251022/graphenstone.shop/docs/system/library/response.php on line 36
2020-07-03 18:31:01 - PHP Notice:  Undefined index: product_seo_url in /home/h911251022/graphenstone.shop/storage/modification/admin/controller/catalog/product.php on line 1213
2020-07-03 18:31:01 - PHP Notice:  Undefined index: points in /home/h911251022/graphenstone.shop/storage/modification/admin/model/catalog/product.php on line 154
2020-07-03 18:31:01 - PHP Warning:  Cannot modify header information - headers already sent by (output started at /home/h911251022/graphenstone.shop/docs/admin/controller/startup/error.php:34) in /home/h911251022/graphenstone.shop/docs/system/library/response.php on line 36
2020-07-04 2:41:38 - PHP Notice:  Undefined index: product_seo_url in /home/h911251022/graphenstone.shop/storage/modification/admin/controller/catalog/product.php on line 1213
2020-07-04 2:41:38 - PHP Notice:  Undefined index: points in /home/h911251022/graphenstone.shop/storage/modification/admin/model/catalog/product.php on line 154
2020-07-04 2:41:38 - PHP Notice:  Undefined index: product_option_value_id in /home/h911251022/graphenstone.shop/storage/modification/admin/model/catalog/product.php on line 219
2020-07-04 2:41:38 - PHP Notice:  Undefined index: quantity in /home/h911251022/graphenstone.shop/storage/modification/admin/model/catalog/product.php on line 219
2020-07-04 2:41:38 - PHP Notice:  Undefined index: subtract in /home/h911251022/graphenstone.shop/storage/modification/admin/model/catalog/product.php on line 219
2020-07-04 2:41:38 - PHP Notice:  Undefined index: price in /home/h911251022/graphenstone.shop/storage/modification/admin/model/catalog/product.php on line 219
2020-07-04 2:41:38 - PHP Notice:  Undefined index: price_prefix in /home/h911251022/graphenstone.shop/storage/modification/admin/model/catalog/product.php on line 219
2020-07-04 2:41:38 - PHP Notice:  Undefined index: points in /home/h911251022/graphenstone.shop/storage/modification/admin/model/catalog/product.php on line 219
2020-07-04 2:41:38 - PHP Notice:  Undefined index: points_prefix in /home/h911251022/graphenstone.shop/storage/modification/admin/model/catalog/product.php on line 219
2020-07-04 2:41:38 - PHP Notice:  Undefined index: weight in /home/h911251022/graphenstone.shop/storage/modification/admin/model/catalog/product.php on line 219
2020-07-04 2:41:38 - PHP Notice:  Undefined index: weight_prefix in /home/h911251022/graphenstone.shop/storage/modification/admin/model/catalog/product.php on line 219
2020-07-04 2:41:38 - PHP Warning:  Cannot modify header information - headers already sent by (output started at /home/h911251022/graphenstone.shop/docs/admin/controller/startup/error.php:34) in /home/h911251022/graphenstone.shop/docs/system/library/response.php on line 36
